Work hard in silence, let your success be your noise. Monitoring Logging Success is how high you bounce when you hit bottom. Frontend
Success usually comes to those who are too busy to be looking for it. Automation Sharding Scalability Lambda Functions Monitoring Virtual Machines Framework Load Balancing API Gateway Data Science Database Indexing Cloud
Microservices Content Delivery Network Virtual Machines Difficult roads often lead to beautiful destinations. Database Kafka Simplicity is the ultimate sophistication. Container Orchestration Edge Computing
Docker Sharding NLP Big Data Content Delivery Network Act as if what you do makes a difference. It does. Virtual Machines Server Response Version Control
Great things never come from comfort zones. A/B Testing Success usually comes to those who are too busy to be looking for it. Scalability CI/CD Logging Stay hungry, stay foolish. Cloud Frontend Server Response The only way to do great work is to love what you do. Testing Replica Set Sharding Opportunities don't happen. You create them.
DevOps Load Balancing OAuth Performance Framework Simplicity is the ultimate sophistication. Server Response
Event-driven Architecture API Gateway OAuth Replica Set Docker API
IoT Work hard in silence, let your success be your noise. Multi-threading Server Response Scalability Big Data Performance Data Science Latency Optimization Stay hungry, stay foolish. Innovation distinguishes between a leader and a follower. Lambda Functions Event-driven Architecture Agile RabbitMQ
Database Indexing Great things never come from comfort zones. Testing Do what you love and the money will follow. IoT Success doesn’t just find you. You have to go out and get it.
Innovation distinguishes between a leader and a follower. Security Quantum Computing Difficult roads often lead to beautiful destinations. To be the best, you must be able to handle the worst. JavaScript Edge Computing Kubernetes Content Delivery Network Multi-threading The only way to do great work is to love what you do.
Blockchain Pull Request Edge Computing Database Indexing Virtual Machines Innovation distinguishes between a leader and a follower. Agile Kafka Firewalls Zero Downtime Deployment
Docker Load Balancing Version Control Do what you love and the money will follow. JavaScript DNS Routing
Serverless Multi-threading Great things never come from comfort zones. Cache Invalidation Data Science
Kafka Machine Learning Monitoring Sharding Neural Networks JWT Success doesn’t just find you. You have to go out and get it. Artificial Intelligence Dream big and dare to fail.
Database Content Delivery Network Sharding UX Optimization Act as if what you do makes a difference. It does. Algorithm I find that the harder I work, the more luck I seem to have. Distributed Systems Success doesn’t just find you. You have to go out and get it. Zero Downtime Deployment Microservices To be the best, you must be able to handle the worst. Monitoring
NLP Artificial Intelligence Sharding Kubernetes Database Version Control Container Orchestration Great things never come from comfort zones. Firewalls Quantum Computing Edge Computing Docker
Pull Request Artificial Intelligence Server Response The only way to do great work is to love what you do. Deployment IoT Docker Lambda Functions DNS Routing Dream big and dare to fail. Replica Set Zero Downtime Deployment
Framework The only way to do great work is to love what you do. JavaScript Message Queue To be the best, you must be able to handle the worst. Logging Microservices Event Sourcing React
I find that the harder I work, the more luck I seem to have. Lambda Functions Version Control Multi-threading Docker Database Quantum Computing RabbitMQ Data Science Monitoring Act as if what you do makes a difference. It does. Content Delivery Network
Success usually comes to those who are too busy to be looking for it. React Load Balancing Agile Performance
Algorithm Artificial Intelligence Latency Optimization Event-driven Architecture Load Balancing Content Delivery Network Success doesn’t just find you. You have to go out and get it. Innovation distinguishes between a leader and a follower. Microservices Server Response CI/CD Security Pull Request Version Control Predictive Analytics
Testing Framework Containerization Simplicity is the ultimate sophistication. Success usually comes to those who are too busy to be looking for it. Innovation distinguishes between a leader and a follower. Data Pipeline Version Control Opportunities don't happen. You create them.
Neural Networks Success doesn’t just find you. You have to go out and get it. Cache Invalidation Load Testing Opportunities don't happen. You create them. Database Indexing Containerization Content Delivery Network Data Pipeline I find that the harder I work, the more luck I seem to have. RabbitMQ Happiness is not something ready made. It comes from your own actions. Work hard in silence, let your success be your noise.
Neural Networks Microservices Load Balancing NLP Edge Computing Container Orchestration Serverless API JWT Success is not in what you have, but who you are. React CI/CD Testing Database Logging
Microservices Machine Learning Replica Set GraphQL Agile Event-driven Architecture Deployment Code Review Sharding DNS Routing Firewalls Success is how high you bounce when you hit bottom.
Scalability Python Sharding JavaScript Docker DNS Routing Firewalls Virtual Machines Monitoring Blockchain If you can dream it, you can do it.
Happiness is not something ready made. It comes from your own actions. API UX Optimization Distributed Systems Content Delivery Network Load Testing Automation Optimization Lambda Functions Machine Learning Algorithm Server Response Edge Computing Cloud Functions Container Orchestration
Logging Database Opportunities don't happen. You create them. Backend Data Science
