Difficult roads often lead to beautiful destinations. Great things never come from comfort zones. Dream big and dare to fail. Multi-threading Predictive Analytics Automation Framework Cache Invalidation Machine Learning JWT Database Indexing Serverless Work hard in silence, let your success be your noise. OAuth Act as if what you do makes a difference. It does.
Docker Machine Learning Do what you love and the money will follow. Automation NLP Backend Security Testing Frontend Success is not in what you have, but who you are. Act as if what you do makes a difference. It does. Monitoring Agile Serverless Event Sourcing
Success usually comes to those who are too busy to be looking for it. Load Balancing Pull Request Quantum Computing Don't be afraid to give up the good to go for the great. Multi-threading Success doesn’t just find you. You have to go out and get it. Agile Database To be the best, you must be able to handle the worst. Framework
The only way to do great work is to love what you do. Backend Parallel Processing Do what you love and the money will follow. Success is not in what you have, but who you are. Database Indexing RabbitMQ DNS Routing Great things never come from comfort zones. JavaScript Distributed Systems WebSockets Happiness is not something ready made. It comes from your own actions. Zero Downtime Deployment Replica Set
Microservices Monitoring NLP Kafka JWT Distributed Systems Deployment Predictive Analytics RabbitMQ Artificial Intelligence Happiness is not something ready made. It comes from your own actions. WebSockets
Container Orchestration Parallel Processing Data Pipeline To be the best, you must be able to handle the worst. Containerization
Monitoring Replica Set Security NLP Cache Invalidation Algorithm Code Review Success doesn’t just find you. You have to go out and get it. Artificial Intelligence
Docker Optimization Testing Virtual Machines Version Control
Success usually comes to those who are too busy to be looking for it. Server Response DNS Routing Containerization Load Testing Quantum Computing Testing WebSockets I find that the harder I work, the more luck I seem to have. Performance Automation Python Algorithm
Difficult roads often lead to beautiful destinations. Great things never come from comfort zones. Event-driven Architecture Quantum Computing Algorithm Sharding Machine Learning The only way to do great work is to love what you do.
Docker Lambda Functions The only way to do great work is to love what you do. Edge Computing Act as if what you do makes a difference. It does. Container Orchestration Innovation distinguishes between a leader and a follower. Success is how high you bounce when you hit bottom. Cloud
Big Data Event Sourcing Simplicity is the ultimate sophistication. Pull Request To be the best, you must be able to handle the worst.
Quantum Computing Database Indexing RabbitMQ Server Response OAuth
Work hard in silence, let your success be your noise. Framework Frontend Success is how high you bounce when you hit bottom. Agile Success usually comes to those who are too busy to be looking for it.
Do what you love and the money will follow. Dream big and dare to fail. Replica Set JWT API Serverless A/B Testing Python Database Indexing Performance
NLP Optimization Content Delivery Network DNS Routing Framework Latency Optimization Big Data Data Pipeline RabbitMQ Simplicity is the ultimate sophistication.
Zero Downtime Deployment Sharding Automation Act as if what you do makes a difference. It does. Code Review
Container Orchestration Sharding IoT Server Response WebSockets Database Indexing Multi-threading Firewalls Machine Learning Serverless Data Pipeline Agile Performance Blockchain
Python DNS Routing Server Response Scalability Load Balancing Success doesn’t just find you. You have to go out and get it. CI/CD NLP Big Data Data Science Quantum Computing Predictive Analytics Blockchain Multi-threading Content Delivery Network
Dream big and dare to fail. Predictive Analytics Framework NLP Automation Database JWT Microservices A/B Testing Multi-threading
Server Response Cloud Container Orchestration Docker CI/CD Event Sourcing Framework
Event-driven Architecture Great things never come from comfort zones. Success is how high you bounce when you hit bottom. Cache Invalidation Testing Dream big and dare to fail. Code Review Predictive Analytics Opportunities don't happen. You create them.
Python Quantum Computing Algorithm React Security Blockchain Zero Downtime Deployment OAuth Success doesn’t just find you. You have to go out and get it. Opportunities don't happen. You create them.
